1771779162.051935 client started (2279): version 3.0a, socket /tmp//tmux-1000/default, protocol 8
1771779162.052350 on Linux 5.15.167.4-microsoft-standard-WSL2 #1 SMP Tue Nov 5 00:21:55 UTC 2024; libevent 2.1.11-stable (poll)
1771779162.052505 socket is /tmp//tmux-1000/default
1771779162.052648 trying connect
1771779162.052779 connect failed: No such file or directory
1771779162.052919 lock file is /tmp//tmux-1000/default.lock
1771779162.053059 flock succeeded
1771779162.053194 got lock (6)
1771779162.053325 trying connect
1771779162.053462 connect failed: No such file or directory
1771779162.053843 add peer 0x55c4e1ae19b0: 7 ((nil))
1771779162.055767 sending message 100 to peer 0x55c4e1ae19b0 (4 bytes)
1771779162.055919 sending message 101 to peer 0x55c4e1ae19b0 (15 bytes)
1771779162.056059 sending message 102 to peer 0x55c4e1ae19b0 (11 bytes)
1771779162.056179 sending message 108 to peer 0x55c4e1ae19b0 (45 bytes)
1771779162.056323 sending message 104 to peer 0x55c4e1ae19b0 (0 bytes)
1771779162.056457 sending message 107 to peer 0x55c4e1ae19b0 (4 bytes)
1771779162.056576 sending message 105 to peer 0x55c4e1ae19b0 (16 bytes)
1771779162.056708 sending message 105 to peer 0x55c4e1ae19b0 (24 bytes)
1771779162.056842 sending message 105 to peer 0x55c4e1ae19b0 (23 bytes)
1771779162.056965 sending message 105 to peer 0x55c4e1ae19b0 (21 bytes)
1771779162.057083 sending message 105 to peer 0x55c4e1ae19b0 (49 bytes)
1771779162.057200 sending message 105 to peer 0x55c4e1ae19b0 (15 bytes)
1771779162.057400 sending message 105 to peer 0x55c4e1ae19b0 (23 bytes)
1771779162.057544 sending message 105 to peer 0x55c4e1ae19b0 (18 bytes)
1771779162.057748 sending message 105 to peer 0x55c4e1ae19b0 (13 bytes)
1771779162.057917 sending message 105 to peer 0x55c4e1ae19b0 (31 bytes)
1771779162.058042 sending message 105 to peer 0x55c4e1ae19b0 (1506 bytes)
1771779162.058168 sending message 105 to peer 0x55c4e1ae19b0 (26 bytes)
1771779162.058304 sending message 105 to peer 0x55c4e1ae19b0 (34 bytes)
1771779162.058420 sending message 105 to peer 0x55c4e1ae19b0 (20 bytes)
1771779162.058535 sending message 105 to peer 0x55c4e1ae19b0 (32 bytes)
1771779162.058656 sending message 105 to peer 0x55c4e1ae19b0 (12 bytes)
1771779162.058772 sending message 105 to peer 0x55c4e1ae19b0 (11 bytes)
1771779162.058886 sending message 105 to peer 0x55c4e1ae19b0 (8 bytes)
1771779162.059000 sending message 105 to peer 0x55c4e1ae19b0 (38 bytes)
1771779162.059114 sending message 105 to peer 0x55c4e1ae19b0 (8 bytes)
1771779162.059229 sending message 105 to peer 0x55c4e1ae19b0 (65 bytes)
1771779162.059338 sending message 105 to peer 0x55c4e1ae19b0 (2402 bytes)
1771779162.059480 sending message 105 to peer 0x55c4e1ae19b0 (16 bytes)
1771779162.059603 sending message 105 to peer 0x55c4e1ae19b0 (40 bytes)
1771779162.059724 sending message 105 to peer 0x55c4e1ae19b0 (16 bytes)
1771779162.059845 sending message 106 to peer 0x55c4e1ae19b0 (0 bytes)
1771779162.059969 sending message 200 to peer 0x55c4e1ae19b0 (4 bytes)
1771779162.060090 client loop enter
1771779163.388374 peer 0x55c4e1ae19b0 message 207
1771779163.388563 sending message 208 to peer 0x55c4e1ae19b0 (0 bytes)
1771779173.480925 peer 0x55c4e1ae19b0 message 203
1771779173.481055 sending message 205 to peer 0x55c4e1ae19b0 (0 bytes)
1771779173.482921 peer 0x55c4e1ae19b0 message 204
1771779173.483059 client loop exit
